生成启动时间为 2017/9/13 22:10:18。
     1>项目“C:\Users\Tian\Desktop\Send\Send.vcxproj”在节点 2 上(Build 个目标)。
       项目文件包含 ToolsVersion="14.0" 设置，但此工具集未知或缺失。您可以通过为此工具集安装相应的 .NET Framework 来解决此问题。将项目视为具有 ToolsVersion="4.0" 设置。
     1>ClCompile:
         D:\Visual Studio 2012\VC\bin\CL.exe /c /ZI /nologo /W3 /WX- /Od /Oy- /D WIN32 /D _DEBUG /D _WINDOWS /D _MBCS /D _AFXDLL /Gm- /EHsc /RTC1 /MDd /GS /fp:precise /Zc:wchar_t /Zc:forScope /Yu"stdafx.h" /Fp".\Debug/Send.pch" /Fo".\Debug/" /Fd".\Debug/vc110.pdb" /FR".\Debug\\" /Gd /TP /analyze- /errorReport:prompt SendDlg.cpp
         SendDlg.cpp
     1>c:\users\tian\desktop\send\senddlg.cpp(307): warning C4390: “;”: 找到空的受控语句；这是否是有意的?
     1>c:\users\tian\desktop\send\senddlg.cpp(317): warning C4996: 'sprintf': This function or variable may be unsafe. Consider using sprintf_s instead. To disable deprecation, use _CRT_SECURE_NO_WARNINGS. See online help for details.
                 d:\visual studio 2012\vc\include\stdio.h(357) : 参见“sprintf”的声明
     1>c:\users\tian\desktop\send\senddlg.cpp(336): warning C4996: 'strncpy': This function or variable may be unsafe. Consider using strncpy_s instead. To disable deprecation, use _CRT_SECURE_NO_WARNINGS. See online help for details.
                 d:\visual studio 2012\vc\include\string.h(191) : 参见“strncpy”的声明
     1>c:\users\tian\desktop\send\senddlg.cpp(423): warning C4996: 'strcat': This function or variable may be unsafe. Consider using strcat_s instead. To disable deprecation, use _CRT_SECURE_NO_WARNINGS. See online help for details.
                 d:\visual studio 2012\vc\include\string.h(115) : 参见“strcat”的声明
     1>c:\users\tian\desktop\send\senddlg.cpp(426): warning C4996: 'strcat': This function or variable may be unsafe. Consider using strcat_s instead. To disable deprecation, use _CRT_SECURE_NO_WARNINGS. See online help for details.
                 d:\visual studio 2012\vc\include\string.h(115) : 参见“strcat”的声明
     1>c:\users\tian\desktop\send\senddlg.cpp(435): warning C4996: 'fopen': This function or variable may be unsafe. Consider using fopen_s instead. To disable deprecation, use _CRT_SECURE_NO_WARNINGS. See online help for details.
                 d:\visual studio 2012\vc\include\stdio.h(218) : 参见“fopen”的声明
     1>c:\users\tian\desktop\send\senddlg.cpp(516): warning C4996: 'fopen': This function or variable may be unsafe. Consider using fopen_s instead. To disable deprecation, use _CRT_SECURE_NO_WARNINGS. See online help for details.
                 d:\visual studio 2012\vc\include\stdio.h(218) : 参见“fopen”的声明
       Link:
         D:\Visual Studio 2012\VC\bin\link.exe /ERRORREPORT:PROMPT /OUT:".\Debug/Send.exe" /INCREMENTAL:NO /NOLOGO /MANIFEST /MANIFESTUAC:"level='asInvoker' uiAccess='false'" /manifest:embed /manifestinput:"D:\Visual Studio 2012\VC\Include\Manifest\dpiaware.manifest" /DEBUG /PDB:".\Debug/Send.pdb" /SUBSYSTEM:WINDOWS /TLBID:1 /DYNAMICBASE /NXCOMPAT /IMPLIB:".\Debug\Send.lib" /MACHINE:X86 /SAFESEH .\Debug\Send.res
         .\Debug/Send.obj
         .\Debug/SendDlg.obj
         .\Debug/StdAfx.obj
         .\Debug/TcpClient.obj
         .\Debug/Thread.obj
     1>Send.obj : warning LNK4075: 忽略“/EDITANDCONTINUE”(由于“/OPT:LBR”规范)
     1>msvcrtd.lib(cinitexe.obj) : warning LNK4098: 默认库“msvcrt.lib”与其他库的使用冲突；请使用 /NODEFAULTLIB:library
         Send.vcxproj -> C:\Users\Tian\Desktop\Send\.\Debug\Send.exe
       BscMake:
         D:\Visual Studio 2012\VC\bin\bscmake.exe /nologo /o".\Debug\Send.bsc" .\Debug\Send.sbr .\Debug\SendDlg.sbr .\Debug\StdAfx.sbr .\Debug\TcpClient.sbr .\Debug\Thread.sbr
     1>已完成生成项目“C:\Users\Tian\Desktop\Send\Send.vcxproj”(Build 个目标)的操作。

生成成功。

已用时间 00:00:01.81
